<?xml version="1.0" encoding="UTF-8"?>
<!-- Generated by org.testng.reporters.JUnitReportReporter -->
<testsuite skipped="0" hostname="LAPTOP-4HP7VTJM" name="gittest.Sel" tests="1" failures="0" timestamp="02 Apr 2020 12:58:45 GMT" time="113.249" errors="0">
  <testcase name="SS" time="113.249" classname="gittest.Sel"/>
</testsuite> <!-- gittest.Sel -->
